<?xml version="1.0" encoding="UTF-8"?>
<!-- Generated by org.testng.reporters.JUnitReportReporter -->
<testsuite skipped="0" hostname="Juliets-Air" name="com.ola.APITest.GETTest" tests="2" failures="0" timestamp="2020-12-15T21:06:57 GMT" time="4.187" errors="0">
  <testcase name="getSuccessfulStatusCode" time="0.306" classname="com.ola.APITest.GETTest"/>
  <system-out/>
  <testcase name="getFrankfurtLatitudeAndLongitude" time="3.881" classname="com.ola.APITest.GETTest"/>
  <system-out/>
</testsuite> <!-- com.ola.APITest.GETTest -->
